<?xml version="1.0" encoding="UTF-8"?>
<!-- Generated by org.testng.reporters.JUnitReportReporter -->
<testsuite skipped="0" hostname="DESKTOP-0QNP3VS" name="io.couponplus.scripts.testScript" tests="3" failures="0" timestamp="2020-03-02T20:49:43 IST" time="186.427" errors="0">
  <testcase name="beforeCouponPurchase" time="42.095" classname="io.couponplus.scripts.testScript"/>
  <testcase name="customerCouponPurchase" time="99.158" classname="io.couponplus.scripts.testScript"/>
  <testcase name="redeemCoupon" time="45.174" classname="io.couponplus.scripts.testScript"/>
</testsuite> <!-- io.couponplus.scripts.testScript -->
