<?xml version="1.0" encoding="UTF-8"?>
<!-- Generated by org.testng.reporters.JUnitReportReporter -->
<testsuite skipped="0" hostname="sunny-Lenovo-ideapad-330S-14IKB-U" name="io.couponplus.scripts.testScript" tests="3" failures="0" timestamp="2020-03-01T11:59:22 IST" time="178.136" errors="0">
  <testcase name="beforeCouponPurchase" time="45.227" classname="io.couponplus.scripts.testScript"/>
  <testcase name="customerCouponPurchase" time="88.865" classname="io.couponplus.scripts.testScript"/>
  <testcase name="redeemCoupon" time="44.044" classname="io.couponplus.scripts.testScript"/>
</testsuite> <!-- io.couponplus.scripts.testScript -->
